<?xml version="1.0" encoding="UTF-8"?>
<testsuite name="com.learnkotlinbackend.learnkotlinbackend.LearnKotlinBackendApplicationTests" tests="1" skipped="0" failures="0" errors="0" timestamp="2020-12-12T23:00:47" hostname="ChristophersMBP.modem" time="0.532">
  <properties/>
  <testcase name="contextLoads()" classname="com.learnkotlinbackend.learnkotlinbackend.LearnKotlinBackendApplicationTests" time="0.532"/>
  <system-out><![CDATA[10:00:44.859 [Test worker] DEBUG org.springframework.test.context.BootstrapUtils - Instantiating CacheAwareContextLoaderDelegate from class [org.springframework.test.context.cache.DefaultCacheAwareContextLoaderDelegate]
10:00:44.873 [Test worker] DEBUG org.springframework.test.context.BootstrapUtils - Instantiating BootstrapContext using constructor [public org.springframework.test.context.support.DefaultBootstrapContext(java.lang.Class,org.springframework.test.context.CacheAwareContextLoaderDelegate)]
10:00:44.905 [Test worker] DEBUG org.springframework.test.context.BootstrapUtils - Instantiating TestContextBootstrapper for test class [com.learnkotlinbackend.learnkotlinbackend.LearnKotlinBackendApplicationTests] from class [org.springframework.boot.test.context.SpringBootTestContextBootstrapper]
10:00:44.916 [Test worker] INFO org.springframework.boot.test.context.SpringBootTestContextBootstrapper - Neither @ContextConfiguration nor @ContextHierarchy found for test class [com.learnkotlinbackend.learnkotlinbackend.LearnKotlinBackendApplicationTests], using SpringBootContextLoader
10:00:44.919 [Test worker] DEBUG org.springframework.test.context.support.AbstractContextLoader - Did not detect default resource location for test class [com.learnkotlinbackend.learnkotlinbackend.LearnKotlinBackendApplicationTests]: class path resource [com/learnkotlinbackend/learnkotlinbackend/LearnKotlinBackendApplicationTests-context.xml] does not exist
10:00:44.920 [Test worker] DEBUG org.springframework.test.context.support.AbstractContextLoader - Did not detect default resource location for test class [com.learnkotlinbackend.learnkotlinbackend.LearnKotlinBackendApplicationTests]: class path resource [com/learnkotlinbackend/learnkotlinbackend/LearnKotlinBackendApplicationTestsContext.groovy] does not exist
10:00:44.920 [Test worker] INFO org.springframework.test.context.support.AbstractContextLoader - Could not detect default resource locations for test class [com.learnkotlinbackend.learnkotlinbackend.LearnKotlinBackendApplicationTests]: no resource found for suffixes {-context.xml, Context.groovy}.
10:00:44.921 [Test worker] INFO org.springframework.test.context.support.AnnotationConfigContextLoaderUtils - Could not detect default configuration classes for test class [com.learnkotlinbackend.learnkotlinbackend.LearnKotlinBackendApplicationTests]: LearnKotlinBackendApplicationTests does not declare any static, non-private, non-final, nested classes annotated with @Configuration.
10:00:44.972 [Test worker] DEBUG org.springframework.test.context.support.ActiveProfilesUtils - Could not find an 'annotation declaring class' for annotation type [org.springframework.test.context.ActiveProfiles] and class [com.learnkotlinbackend.learnkotlinbackend.LearnKotlinBackendApplicationTests]
10:00:45.048 [Test worker] DEBUG org.springframework.context.annotation.ClassPathScanningCandidateComponentProvider - Identified candidate component class: file [/Users/christopherdalziel/Dev_Projects/TUT/learn-kotlin-backend/build/classes/kotlin/main/com/learnkotlinbackend/learnkotlinbackend/LearnKotlinBackendApplication.class]
10:00:45.049 [Test worker] INFO org.springframework.boot.test.context.SpringBootTestContextBootstrapper - Found @SpringBootConfiguration com.learnkotlinbackend.learnkotlinbackend.LearnKotlinBackendApplication for test class com.learnkotlinbackend.learnkotlinbackend.LearnKotlinBackendApplicationTests
10:00:45.182 [Test worker] DEBUG org.springframework.boot.test.context.SpringBootTestContextBootstrapper - @TestExecutionListeners is not present for class [com.learnkotlinbackend.learnkotlinbackend.LearnKotlinBackendApplicationTests]: using defaults.
10:00:45.183 [Test worker] INFO org.springframework.boot.test.context.SpringBootTestContextBootstrapper - Loaded default TestExecutionListener class names from location [META-INF/spring.factories]: [org.springframework.boot.test.autoconfigure.restdocs.RestDocsTestExecutionListener, org.springframework.boot.test.autoconfigure.web.client.MockRestServiceServerResetTestExecutionListener, org.springframework.boot.test.autoconfigure.web.servlet.MockMvcPrintOnlyOnFailureTestExecutionListener, org.springframework.boot.test.autoconfigure.web.servlet.WebDriverTestExecutionListener, org.springframework.boot.test.autoconfigure.webservices.client.MockWebServiceServerTestExecutionListener, org.springframework.boot.test.mock.mockito.MockitoTestExecutionListener, org.springframework.boot.test.mock.mockito.ResetMocksTestExecutionListener, org.springframework.test.context.web.ServletTestExecutionListener, org.springframework.test.context.support.DirtiesContextBeforeModesTestExecutionListener, org.springframework.test.context.support.DependencyInjectionTestExecutionListener, org.springframework.test.context.support.DirtiesContextTestExecutionListener, org.springframework.test.context.transaction.TransactionalTestExecutionListener, org.springframework.test.context.jdbc.SqlScriptsTestExecutionListener, org.springframework.test.context.event.EventPublishingTestExecutionListener]
10:00:45.205 [Test worker] INFO org.springframework.boot.test.context.SpringBootTestContextBootstrapper - Using TestExecutionListeners: [org.springframework.test.context.web.ServletTestExecutionListener@68e0ae9c, org.springframework.test.context.support.DirtiesContextBeforeModesTestExecutionListener@44db7d23, org.springframework.boot.test.mock.mockito.MockitoTestExecutionListener@2fa5ab17, org.springframework.boot.test.autoconfigure.SpringBootDependencyInjectionTestExecutionListener@14e462e7, org.springframework.test.context.support.DirtiesContextTestExecutionListener@791dbaa9, org.springframework.test.context.transaction.TransactionalTestExecutionListener@6630e2cc, org.springframework.test.context.jdbc.SqlScriptsTestExecutionListener@64cf000e, org.springframework.test.context.event.EventPublishingTestExecutionListener@530ba52a, org.springframework.boot.test.autoconfigure.restdocs.RestDocsTestExecutionListener@47579510, org.springframework.boot.test.autoconfigure.web.client.MockRestServiceServerResetTestExecutionListener@269029b4, org.springframework.boot.test.autoconfigure.web.servlet.MockMvcPrintOnlyOnFailureTestExecutionListener@3a439218, org.springframework.boot.test.autoconfigure.web.servlet.WebDriverTestExecutionListener@346f428f, org.springframework.boot.test.autoconfigure.webservices.client.MockWebServiceServerTestExecutionListener@4febae07, org.springframework.boot.test.mock.mockito.ResetMocksTestExecutionListener@6891f3c7]
10:00:45.209 [Test worker] DEBUG org.springframework.test.context.support.AbstractDirtiesContextTestExecutionListener - Before test class: context [DefaultTestContext@1552cf88 testClass = LearnKotlinBackendApplicationTests, testInstance = [null], testMethod = [null], testException = [null], mergedContextConfiguration = [WebMergedContextConfiguration@c3d5d7e testClass = LearnKotlinBackendApplicationTests, locations = '{}', classes = '{class com.learnkotlinbackend.learnkotlinbackend.LearnKotlinBackendApplication}', contextInitializerClasses = '[]', activeProfiles = '{}', propertySourceLocations = '{}', propertySourceProperties = '{org.springframework.boot.test.context.SpringBootTestContextBootstrapper=true}', contextCustomizers = set[org.springframework.boot.test.autoconfigure.actuate.metrics.MetricsExportContextCustomizerFactory$DisableMetricExportContextCustomizer@44b7ddf9, org.springframework.boot.test.autoconfigure.properties.PropertyMappingContextCustomizer@0, org.springframework.boot.test.autoconfigure.web.servlet.WebDriverContextCustomizerFactory$Customizer@75db08f1, org.springframework.boot.test.context.filter.ExcludeFilterContextCustomizer@753649f8, org.springframework.boot.test.json.DuplicateJsonObjectContextCustomizerFactory$DuplicateJsonObjectContextCustomizer@3004f438, org.springframework.boot.test.mock.mockito.MockitoContextCustomizer@0, org.springframework.boot.test.web.client.TestRestTemplateContextCustomizer@6c7a3e7d, org.springframework.boot.test.web.reactive.server.WebTestClientContextCustomizer@104d9703, org.springframework.boot.test.context.SpringBootTestArgs@1, org.springframework.boot.test.context.SpringBootTestWebEnvironment@496cc7bb], resourceBasePath = 'src/main/webapp', contextLoader = 'org.springframework.boot.test.context.SpringBootContextLoader', parent = [null]], attributes = map['org.springframework.test.context.web.ServletTestExecutionListener.activateListener' -> true]], class annotated with @DirtiesContext [false] with mode [null].
10:00:45.247 [Test worker] DEBUG org.springframework.test.context.support.TestPropertySourceUtils - Adding inlined properties to environment: {spring.jmx.enabled=false, org.springframework.boot.test.context.SpringBootTestContextBootstrapper=true}

  .   ____          _            __ _ _
 /\\ / ___'_ __ _ _(_)_ __  __ _ \ \ \ \
( ( )\___ | '_ | '_| | '_ \/ _` | \ \ \ \
 \\/  ___)| |_)| | | | | || (_| |  ) ) ) )
  '  |____| .__|_| |_|_| |_\__, | / / / /
 =========|_|==============|___/=/_/_/_/
 :: Spring Boot ::                (v2.4.0)

2020-12-13 10:00:45.615  INFO 27418 --- [    Test worker] c.l.l.LearnKotlinBackendApplicationTests : Starting LearnKotlinBackendApplicationTests using Java 11.0.9 on ChristophersMBP.modem with PID 27418 (started by christopherdalziel in /Users/christopherdalziel/Dev_Projects/TUT/learn-kotlin-backend)
2020-12-13 10:00:45.618  INFO 27418 --- [    Test worker] c.l.l.LearnKotlinBackendApplicationTests : No active profile set, falling back to default profiles: default
2020-12-13 10:00:46.260  INFO 27418 --- [    Test worker] .s.d.r.c.RepositoryConfigurationDelegate : Bootstrapping Spring Data MongoDB repositories in DEFAULT mode.
2020-12-13 10:00:46.269  INFO 27418 --- [    Test worker] .s.d.r.c.RepositoryConfigurationDelegate : Finished Spring Data repository scanning in 5 ms. Found 0 MongoDB repository interfaces.
2020-12-13 10:00:46.989  INFO 27418 --- [    Test worker] o.s.s.concurrent.ThreadPoolTaskExecutor  : Initializing ExecutorService 'applicationTaskExecutor'
2020-12-13 10:00:47.233  INFO 27418 --- [    Test worker] org.mongodb.driver.cluster               : Cluster created with settings {hosts=[localhost:27017], mode=SINGLE, requiredClusterType=UNKNOWN, serverSelectionTimeout='30000 ms'}
2020-12-13 10:00:47.500  INFO 27418 --- [localhost:27017] org.mongodb.driver.connection            : Opened connection [connectionId{localValue:1, serverValue:3}] to localhost:27017
2020-12-13 10:00:47.500  INFO 27418 --- [localhost:27017] org.mongodb.driver.connection            : Opened connection [connectionId{localValue:2, serverValue:4}] to localhost:27017
2020-12-13 10:00:47.501  INFO 27418 --- [localhost:27017] org.mongodb.driver.cluster               : Monitor thread successfully connected to server with description ServerDescription{address=localhost:27017, type=STANDALONE, state=CONNECTED, ok=true, minWireVersion=0, maxWireVersion=8, maxDocumentSize=16777216, logicalSessionTimeoutMinutes=30, roundTripTimeNanos=191767631}
2020-12-13 10:00:47.567  INFO 27418 --- [    Test worker] c.l.l.LearnKotlinBackendApplicationTests : Started LearnKotlinBackendApplicationTests in 2.308 seconds (JVM running for 3.572)
]]></system-out>
  <system-err><![CDATA[]]></system-err>
</testsuite>
