<?xml version="1.0" encoding="UTF-8"?>
<testsuite name="com.learnkotlinbackend.learnkotlinbackend.LearnKotlinBackendApplicationTests" tests="1" skipped="0" failures="0" errors="0" timestamp="2020-12-12T21:33:51" hostname="ChristophersMBP.modem" time="0.314">
  <properties/>
  <testcase name="contextLoads()" classname="com.learnkotlinbackend.learnkotlinbackend.LearnKotlinBackendApplicationTests" time="0.314"/>
  <system-out><![CDATA[08:33:49.826 [Test worker] DEBUG org.springframework.test.context.BootstrapUtils - Instantiating CacheAwareContextLoaderDelegate from class [org.springframework.test.context.cache.DefaultCacheAwareContextLoaderDelegate]
08:33:49.841 [Test worker] DEBUG org.springframework.test.context.BootstrapUtils - Instantiating BootstrapContext using constructor [public org.springframework.test.context.support.DefaultBootstrapContext(java.lang.Class,org.springframework.test.context.CacheAwareContextLoaderDelegate)]
08:33:49.877 [Test worker] DEBUG org.springframework.test.context.BootstrapUtils - Instantiating TestContextBootstrapper for test class [com.learnkotlinbackend.learnkotlinbackend.LearnKotlinBackendApplicationTests] from class [org.springframework.boot.test.context.SpringBootTestContextBootstrapper]
08:33:49.889 [Test worker] INFO org.springframework.boot.test.context.SpringBootTestContextBootstrapper - Neither @ContextConfiguration nor @ContextHierarchy found for test class [com.learnkotlinbackend.learnkotlinbackend.LearnKotlinBackendApplicationTests], using SpringBootContextLoader
08:33:49.892 [Test worker] DEBUG org.springframework.test.context.support.AbstractContextLoader - Did not detect default resource location for test class [com.learnkotlinbackend.learnkotlinbackend.LearnKotlinBackendApplicationTests]: class path resource [com/learnkotlinbackend/learnkotlinbackend/LearnKotlinBackendApplicationTests-context.xml] does not exist
08:33:49.892 [Test worker] DEBUG org.springframework.test.context.support.AbstractContextLoader - Did not detect default resource location for test class [com.learnkotlinbackend.learnkotlinbackend.LearnKotlinBackendApplicationTests]: class path resource [com/learnkotlinbackend/learnkotlinbackend/LearnKotlinBackendApplicationTestsContext.groovy] does not exist
08:33:49.892 [Test worker] INFO org.springframework.test.context.support.AbstractContextLoader - Could not detect default resource locations for test class [com.learnkotlinbackend.learnkotlinbackend.LearnKotlinBackendApplicationTests]: no resource found for suffixes {-context.xml, Context.groovy}.
08:33:49.893 [Test worker] INFO org.springframework.test.context.support.AnnotationConfigContextLoaderUtils - Could not detect default configuration classes for test class [com.learnkotlinbackend.learnkotlinbackend.LearnKotlinBackendApplicationTests]: LearnKotlinBackendApplicationTests does not declare any static, non-private, non-final, nested classes annotated with @Configuration.
08:33:49.943 [Test worker] DEBUG org.springframework.test.context.support.ActiveProfilesUtils - Could not find an 'annotation declaring class' for annotation type [org.springframework.test.context.ActiveProfiles] and class [com.learnkotlinbackend.learnkotlinbackend.LearnKotlinBackendApplicationTests]
08:33:50.003 [Test worker] DEBUG org.springframework.context.annotation.ClassPathScanningCandidateComponentProvider - Identified candidate component class: file [/Users/christopherdalziel/Dev_Projects/TUT/learn-kotlin-backend/build/classes/kotlin/main/com/learnkotlinbackend/learnkotlinbackend/LearnKotlinBackendApplication.class]
08:33:50.004 [Test worker] INFO org.springframework.boot.test.context.SpringBootTestContextBootstrapper - Found @SpringBootConfiguration com.learnkotlinbackend.learnkotlinbackend.LearnKotlinBackendApplication for test class com.learnkotlinbackend.learnkotlinbackend.LearnKotlinBackendApplicationTests
08:33:50.081 [Test worker] DEBUG org.springframework.boot.test.context.SpringBootTestContextBootstrapper - @TestExecutionListeners is not present for class [com.learnkotlinbackend.learnkotlinbackend.LearnKotlinBackendApplicationTests]: using defaults.
08:33:50.082 [Test worker] INFO org.springframework.boot.test.context.SpringBootTestContextBootstrapper - Loaded default TestExecutionListener class names from location [META-INF/spring.factories]: [org.springframework.boot.test.autoconfigure.restdocs.RestDocsTestExecutionListener, org.springframework.boot.test.autoconfigure.web.client.MockRestServiceServerResetTestExecutionListener, org.springframework.boot.test.autoconfigure.web.servlet.MockMvcPrintOnlyOnFailureTestExecutionListener, org.springframework.boot.test.autoconfigure.web.servlet.WebDriverTestExecutionListener, org.springframework.boot.test.autoconfigure.webservices.client.MockWebServiceServerTestExecutionListener, org.springframework.boot.test.mock.mockito.MockitoTestExecutionListener, org.springframework.boot.test.mock.mockito.ResetMocksTestExecutionListener, org.springframework.test.context.web.ServletTestExecutionListener, org.springframework.test.context.support.DirtiesContextBeforeModesTestExecutionListener, org.springframework.test.context.support.DependencyInjectionTestExecutionListener, org.springframework.test.context.support.DirtiesContextTestExecutionListener, org.springframework.test.context.transaction.TransactionalTestExecutionListener, org.springframework.test.context.jdbc.SqlScriptsTestExecutionListener, org.springframework.test.context.event.EventPublishingTestExecutionListener]
08:33:50.096 [Test worker] INFO org.springframework.boot.test.context.SpringBootTestContextBootstrapper - Using TestExecutionListeners: [org.springframework.test.context.web.ServletTestExecutionListener@1a116246, org.springframework.test.context.support.DirtiesContextBeforeModesTestExecutionListener@4f8adc69, org.springframework.boot.test.mock.mockito.MockitoTestExecutionListener@850a862, org.springframework.boot.test.autoconfigure.SpringBootDependencyInjectionTestExecutionListener@4b8a1282, org.springframework.test.context.support.DirtiesContextTestExecutionListener@5a984ae7, org.springframework.test.context.transaction.TransactionalTestExecutionListener@4368bc49, org.springframework.test.context.jdbc.SqlScriptsTestExecutionListener@4e760ffe, org.springframework.test.context.event.EventPublishingTestExecutionListener@55730ab0, org.springframework.boot.test.autoconfigure.restdocs.RestDocsTestExecutionListener@4d24ad8b, org.springframework.boot.test.autoconfigure.web.client.MockRestServiceServerResetTestExecutionListener@4b28da92, org.springframework.boot.test.autoconfigure.web.servlet.MockMvcPrintOnlyOnFailureTestExecutionListener@355f35f6, org.springframework.boot.test.autoconfigure.web.servlet.WebDriverTestExecutionListener@78348f67, org.springframework.boot.test.autoconfigure.webservices.client.MockWebServiceServerTestExecutionListener@10142d1f, org.springframework.boot.test.mock.mockito.ResetMocksTestExecutionListener@1d6589c5]
08:33:50.100 [Test worker] DEBUG org.springframework.test.context.support.AbstractDirtiesContextTestExecutionListener - Before test class: context [DefaultTestContext@3f468c05 testClass = LearnKotlinBackendApplicationTests, testInstance = [null], testMethod = [null], testException = [null], mergedContextConfiguration = [WebMergedContextConfiguration@3f196457 testClass = LearnKotlinBackendApplicationTests, locations = '{}', classes = '{class com.learnkotlinbackend.learnkotlinbackend.LearnKotlinBackendApplication}', contextInitializerClasses = '[]', activeProfiles = '{}', propertySourceLocations = '{}', propertySourceProperties = '{org.springframework.boot.test.context.SpringBootTestContextBootstrapper=true}', contextCustomizers = set[org.springframework.boot.test.autoconfigure.actuate.metrics.MetricsExportContextCustomizerFactory$DisableMetricExportContextCustomizer@2289cff7, org.springframework.boot.test.autoconfigure.properties.PropertyMappingContextCustomizer@0, org.springframework.boot.test.autoconfigure.web.servlet.WebDriverContextCustomizerFactory$Customizer@4da147aa, org.springframework.boot.test.context.filter.ExcludeFilterContextCustomizer@68308d3e, org.springframework.boot.test.json.DuplicateJsonObjectContextCustomizerFactory$DuplicateJsonObjectContextCustomizer@10e268bc, org.springframework.boot.test.mock.mockito.MockitoContextCustomizer@0, org.springframework.boot.test.web.client.TestRestTemplateContextCustomizer@2c69d109, org.springframework.boot.test.web.reactive.server.WebTestClientContextCustomizer@2fe4bf57, org.springframework.boot.test.context.SpringBootTestArgs@1, org.springframework.boot.test.context.SpringBootTestWebEnvironment@3064b01b], resourceBasePath = 'src/main/webapp', contextLoader = 'org.springframework.boot.test.context.SpringBootContextLoader', parent = [null]], attributes = map['org.springframework.test.context.web.ServletTestExecutionListener.activateListener' -> true]], class annotated with @DirtiesContext [false] with mode [null].
08:33:50.125 [Test worker] DEBUG org.springframework.test.context.support.TestPropertySourceUtils - Adding inlined properties to environment: {spring.jmx.enabled=false, org.springframework.boot.test.context.SpringBootTestContextBootstrapper=true}

  .   ____          _            __ _ _
 /\\ / ___'_ __ _ _(_)_ __  __ _ \ \ \ \
( ( )\___ | '_ | '_| | '_ \/ _` | \ \ \ \
 \\/  ___)| |_)| | | | | || (_| |  ) ) ) )
  '  |____| .__|_| |_|_| |_\__, | / / / /
 =========|_|==============|___/=/_/_/_/
 :: Spring Boot ::                (v2.4.0)

2020-12-13 08:33:50.345  INFO 26579 --- [    Test worker] c.l.l.LearnKotlinBackendApplicationTests : Starting LearnKotlinBackendApplicationTests using Java 11.0.9 on ChristophersMBP.modem with PID 26579 (started by christopherdalziel in /Users/christopherdalziel/Dev_Projects/TUT/learn-kotlin-backend)
2020-12-13 08:33:50.347  INFO 26579 --- [    Test worker] c.l.l.LearnKotlinBackendApplicationTests : No active profile set, falling back to default profiles: default
2020-12-13 08:33:50.787  INFO 26579 --- [    Test worker] .s.d.r.c.RepositoryConfigurationDelegate : Bootstrapping Spring Data MongoDB repositories in DEFAULT mode.
2020-12-13 08:33:50.794  INFO 26579 --- [    Test worker] .s.d.r.c.RepositoryConfigurationDelegate : Finished Spring Data repository scanning in 4 ms. Found 0 MongoDB repository interfaces.
2020-12-13 08:33:51.379  INFO 26579 --- [    Test worker] o.s.s.concurrent.ThreadPoolTaskExecutor  : Initializing ExecutorService 'applicationTaskExecutor'
2020-12-13 08:33:51.601  INFO 26579 --- [    Test worker] org.mongodb.driver.cluster               : Cluster created with settings {hosts=[localhost:27017], mode=SINGLE, requiredClusterType=UNKNOWN, serverSelectionTimeout='30000 ms'}
2020-12-13 08:33:51.701  INFO 26579 --- [localhost:27017] org.mongodb.driver.connection            : Opened connection [connectionId{localValue:1, serverValue:1}] to localhost:27017
2020-12-13 08:33:51.701  INFO 26579 --- [localhost:27017] org.mongodb.driver.connection            : Opened connection [connectionId{localValue:2, serverValue:2}] to localhost:27017
2020-12-13 08:33:51.702  INFO 26579 --- [localhost:27017] org.mongodb.driver.cluster               : Monitor thread successfully connected to server with description ServerDescription{address=localhost:27017, type=STANDALONE, state=CONNECTED, ok=true, minWireVersion=0, maxWireVersion=8, maxDocumentSize=16777216, logicalSessionTimeoutMinutes=30, roundTripTimeNanos=56148356}
2020-12-13 08:33:51.844  INFO 26579 --- [    Test worker] c.l.l.LearnKotlinBackendApplicationTests : Started LearnKotlinBackendApplicationTests in 1.713 seconds (JVM running for 2.704)
]]></system-out>
  <system-err><![CDATA[]]></system-err>
</testsuite>
