<?xml version="1.0" encoding="UTF-8"?>
<testsuite name="com.learnkotlinbackend.learnkotlinbackend.LearnKotlinBackendApplicationTests" tests="1" skipped="0" failures="0" errors="0" timestamp="2020-12-09T10:48:01" hostname="ChristophersMBP.modem" time="0.357">
  <properties/>
  <testcase name="contextLoads()" classname="com.learnkotlinbackend.learnkotlinbackend.LearnKotlinBackendApplicationTests" time="0.357"/>
  <system-out><![CDATA[21:47:59.929 [Test worker] DEBUG org.springframework.test.context.BootstrapUtils - Instantiating CacheAwareContextLoaderDelegate from class [org.springframework.test.context.cache.DefaultCacheAwareContextLoaderDelegate]
21:47:59.944 [Test worker] DEBUG org.springframework.test.context.BootstrapUtils - Instantiating BootstrapContext using constructor [public org.springframework.test.context.support.DefaultBootstrapContext(java.lang.Class,org.springframework.test.context.CacheAwareContextLoaderDelegate)]
21:47:59.978 [Test worker] DEBUG org.springframework.test.context.BootstrapUtils - Instantiating TestContextBootstrapper for test class [com.learnkotlinbackend.learnkotlinbackend.LearnKotlinBackendApplicationTests] from class [org.springframework.boot.test.context.SpringBootTestContextBootstrapper]
21:47:59.996 [Test worker] INFO org.springframework.boot.test.context.SpringBootTestContextBootstrapper - Neither @ContextConfiguration nor @ContextHierarchy found for test class [com.learnkotlinbackend.learnkotlinbackend.LearnKotlinBackendApplicationTests], using SpringBootContextLoader
21:48:00.004 [Test worker] DEBUG org.springframework.test.context.support.AbstractContextLoader - Did not detect default resource location for test class [com.learnkotlinbackend.learnkotlinbackend.LearnKotlinBackendApplicationTests]: class path resource [com/learnkotlinbackend/learnkotlinbackend/LearnKotlinBackendApplicationTests-context.xml] does not exist
21:48:00.006 [Test worker] DEBUG org.springframework.test.context.support.AbstractContextLoader - Did not detect default resource location for test class [com.learnkotlinbackend.learnkotlinbackend.LearnKotlinBackendApplicationTests]: class path resource [com/learnkotlinbackend/learnkotlinbackend/LearnKotlinBackendApplicationTestsContext.groovy] does not exist
21:48:00.007 [Test worker] INFO org.springframework.test.context.support.AbstractContextLoader - Could not detect default resource locations for test class [com.learnkotlinbackend.learnkotlinbackend.LearnKotlinBackendApplicationTests]: no resource found for suffixes {-context.xml, Context.groovy}.
21:48:00.009 [Test worker] INFO org.springframework.test.context.support.AnnotationConfigContextLoaderUtils - Could not detect default configuration classes for test class [com.learnkotlinbackend.learnkotlinbackend.LearnKotlinBackendApplicationTests]: LearnKotlinBackendApplicationTests does not declare any static, non-private, non-final, nested classes annotated with @Configuration.
21:48:00.085 [Test worker] DEBUG org.springframework.test.context.support.ActiveProfilesUtils - Could not find an 'annotation declaring class' for annotation type [org.springframework.test.context.ActiveProfiles] and class [com.learnkotlinbackend.learnkotlinbackend.LearnKotlinBackendApplicationTests]
21:48:00.159 [Test worker] DEBUG org.springframework.context.annotation.ClassPathScanningCandidateComponentProvider - Identified candidate component class: file [/Users/christopherdalziel/Dev_Projects/TUT/learn-kotlin-backend/build/classes/kotlin/main/com/learnkotlinbackend/learnkotlinbackend/LearnKotlinBackendApplication.class]
21:48:00.160 [Test worker] INFO org.springframework.boot.test.context.SpringBootTestContextBootstrapper - Found @SpringBootConfiguration com.learnkotlinbackend.learnkotlinbackend.LearnKotlinBackendApplication for test class com.learnkotlinbackend.learnkotlinbackend.LearnKotlinBackendApplicationTests
21:48:00.257 [Test worker] DEBUG org.springframework.boot.test.context.SpringBootTestContextBootstrapper - @TestExecutionListeners is not present for class [com.learnkotlinbackend.learnkotlinbackend.LearnKotlinBackendApplicationTests]: using defaults.
21:48:00.257 [Test worker] INFO org.springframework.boot.test.context.SpringBootTestContextBootstrapper - Loaded default TestExecutionListener class names from location [META-INF/spring.factories]: [org.springframework.boot.test.autoconfigure.restdocs.RestDocsTestExecutionListener, org.springframework.boot.test.autoconfigure.web.client.MockRestServiceServerResetTestExecutionListener, org.springframework.boot.test.autoconfigure.web.servlet.MockMvcPrintOnlyOnFailureTestExecutionListener, org.springframework.boot.test.autoconfigure.web.servlet.WebDriverTestExecutionListener, org.springframework.boot.test.autoconfigure.webservices.client.MockWebServiceServerTestExecutionListener, org.springframework.boot.test.mock.mockito.MockitoTestExecutionListener, org.springframework.boot.test.mock.mockito.ResetMocksTestExecutionListener, org.springframework.test.context.web.ServletTestExecutionListener, org.springframework.test.context.support.DirtiesContextBeforeModesTestExecutionListener, org.springframework.test.context.support.DependencyInjectionTestExecutionListener, org.springframework.test.context.support.DirtiesContextTestExecutionListener, org.springframework.test.context.transaction.TransactionalTestExecutionListener, org.springframework.test.context.jdbc.SqlScriptsTestExecutionListener, org.springframework.test.context.event.EventPublishingTestExecutionListener]
21:48:00.268 [Test worker] DEBUG org.springframework.boot.test.context.SpringBootTestContextBootstrapper - Skipping candidate TestExecutionListener [org.springframework.test.context.transaction.TransactionalTestExecutionListener] due to a missing dependency. Specify custom listener classes or make the default listener classes and their required dependencies available. Offending class: [org/springframework/transaction/TransactionDefinition]
21:48:00.269 [Test worker] DEBUG org.springframework.boot.test.context.SpringBootTestContextBootstrapper - Skipping candidate TestExecutionListener [org.springframework.test.context.jdbc.SqlScriptsTestExecutionListener] due to a missing dependency. Specify custom listener classes or make the default listener classes and their required dependencies available. Offending class: [org/springframework/transaction/interceptor/TransactionAttribute]
21:48:00.269 [Test worker] INFO org.springframework.boot.test.context.SpringBootTestContextBootstrapper - Using TestExecutionListeners: [org.springframework.test.context.web.ServletTestExecutionListener@4fc19d3d, org.springframework.test.context.support.DirtiesContextBeforeModesTestExecutionListener@56adb164, org.springframework.boot.test.mock.mockito.MockitoTestExecutionListener@637faceb, org.springframework.boot.test.autoconfigure.SpringBootDependencyInjectionTestExecutionListener@24790b05, org.springframework.test.context.support.DirtiesContextTestExecutionListener@671242c2, org.springframework.test.context.event.EventPublishingTestExecutionListener@5c8fe9d5, org.springframework.boot.test.autoconfigure.restdocs.RestDocsTestExecutionListener@42090e5b, org.springframework.boot.test.autoconfigure.web.client.MockRestServiceServerResetTestExecutionListener@2e44143c, org.springframework.boot.test.autoconfigure.web.servlet.MockMvcPrintOnlyOnFailureTestExecutionListener@5b355764, org.springframework.boot.test.autoconfigure.web.servlet.WebDriverTestExecutionListener@78d7cc96, org.springframework.boot.test.autoconfigure.webservices.client.MockWebServiceServerTestExecutionListener@72267e01, org.springframework.boot.test.mock.mockito.ResetMocksTestExecutionListener@7c4d618d]
21:48:00.274 [Test worker] DEBUG org.springframework.test.context.support.AbstractDirtiesContextTestExecutionListener - Before test class: context [DefaultTestContext@1b926ab7 testClass = LearnKotlinBackendApplicationTests, testInstance = [null], testMethod = [null], testException = [null], mergedContextConfiguration = [WebMergedContextConfiguration@70e9d11 testClass = LearnKotlinBackendApplicationTests, locations = '{}', classes = '{class com.learnkotlinbackend.learnkotlinbackend.LearnKotlinBackendApplication}', contextInitializerClasses = '[]', activeProfiles = '{}', propertySourceLocations = '{}', propertySourceProperties = '{org.springframework.boot.test.context.SpringBootTestContextBootstrapper=true}', contextCustomizers = set[org.springframework.boot.test.autoconfigure.actuate.metrics.MetricsExportContextCustomizerFactory$DisableMetricExportContextCustomizer@6c601dd8, org.springframework.boot.test.autoconfigure.properties.PropertyMappingContextCustomizer@0, org.springframework.boot.test.autoconfigure.web.servlet.WebDriverContextCustomizerFactory$Customizer@38c65c6b, org.springframework.boot.test.context.filter.ExcludeFilterContextCustomizer@1bc6efbc, org.springframework.boot.test.json.DuplicateJsonObjectContextCustomizerFactory$DuplicateJsonObjectContextCustomizer@6f529b16, org.springframework.boot.test.mock.mockito.MockitoContextCustomizer@0, org.springframework.boot.test.web.client.TestRestTemplateContextCustomizer@73360db3, org.springframework.boot.test.web.reactive.server.WebTestClientContextCustomizer@295a9b6b, org.springframework.boot.test.context.SpringBootTestArgs@1, org.springframework.boot.test.context.SpringBootTestWebEnvironment@3064b01b], resourceBasePath = 'src/main/webapp', contextLoader = 'org.springframework.boot.test.context.SpringBootContextLoader', parent = [null]], attributes = map['org.springframework.test.context.web.ServletTestExecutionListener.activateListener' -> true]], class annotated with @DirtiesContext [false] with mode [null].
21:48:00.300 [Test worker] DEBUG org.springframework.test.context.support.TestPropertySourceUtils - Adding inlined properties to environment: {spring.jmx.enabled=false, org.springframework.boot.test.context.SpringBootTestContextBootstrapper=true}

  .   ____          _            __ _ _
 /\\ / ___'_ __ _ _(_)_ __  __ _ \ \ \ \
( ( )\___ | '_ | '_| | '_ \/ _` | \ \ \ \
 \\/  ___)| |_)| | | | | || (_| |  ) ) ) )
  '  |____| .__|_| |_|_| |_\__, | / / / /
 =========|_|==============|___/=/_/_/_/
 :: Spring Boot ::                (v2.4.0)

2020-12-09 21:48:00.574  INFO 19777 --- [    Test worker] c.l.l.LearnKotlinBackendApplicationTests : Starting LearnKotlinBackendApplicationTests using Java 11.0.9 on ChristophersMBP.modem with PID 19777 (started by christopherdalziel in /Users/christopherdalziel/Dev_Projects/TUT/learn-kotlin-backend)
2020-12-09 21:48:00.576  INFO 19777 --- [    Test worker] c.l.l.LearnKotlinBackendApplicationTests : No active profile set, falling back to default profiles: default
2020-12-09 21:48:01.620  INFO 19777 --- [    Test worker] o.s.s.concurrent.ThreadPoolTaskExecutor  : Initializing ExecutorService 'applicationTaskExecutor'
2020-12-09 21:48:01.871  INFO 19777 --- [    Test worker] c.l.l.LearnKotlinBackendApplicationTests : Started LearnKotlinBackendApplicationTests in 1.564 seconds (JVM running for 3.45)
]]></system-out>
  <system-err><![CDATA[]]></system-err>
</testsuite>
